Analysis & Synthesis report for sdram_controller
Sun Aug  1 17:44:45 2021
Quartus Prime Version 20.1.0 Build 711 06/05/2020 SJ Lite Edition


---------------------
; Table of Contents ;
---------------------
  1. Legal Notice
  2. Analysis & Synthesis Summary
  3. Analysis & Synthesis Settings
  4. Parallel Compilation
  5. Analysis & Synthesis Source Files Read
  6. Analysis & Synthesis Resource Usage Summary
  7. Analysis & Synthesis Resource Utilization by Entity
  8. State Machine - |SDRAM_CONTROLLER|state_to_pr
  9. Logic Cells Representing Combinational Loops
 10. Registers Removed During Synthesis
 11. General Register Statistics
 12. Multiplexer Restructuring Statistics (Restructuring Performed)
 13. Post-Synthesis Netlist Statistics for Top Partition
 14. Elapsed Time Per Partition
 15. Analysis & Synthesis Messages



----------------
; Legal Notice ;
----------------
Copyright (C) 2020  Intel Corporation. All rights reserved.
Your use of Intel Corporation's design tools, logic functions 
and other software and tools, and any partner logic 
functions, and any output files from any of the foregoing 
(including device programming or simulation files), and any 
associated documentation or information are expressly subject 
to the terms and conditions of the Intel Program License 
Subscription Agreement, the Intel Quartus Prime License Agreement,
the Intel FPGA IP License Agreement, or other applicable license
agreement, including, without limitation, that your use is for
the sole purpose of programming logic devices manufactured by
Intel and sold by Intel or its authorized distributors.  Please
refer to the applicable agreement for further details, at
https://fpgasoftware.intel.com/eula.



+----------------------------------------------------------------------------------+
; Analysis & Synthesis Summary                                                     ;
+------------------------------------+---------------------------------------------+
; Analysis & Synthesis Status        ; Successful - Sun Aug  1 17:44:45 2021       ;
; Quartus Prime Version              ; 20.1.0 Build 711 06/05/2020 SJ Lite Edition ;
; Revision Name                      ; sdram_controller                            ;
; Top-level Entity Name              ; SDRAM_CONTROLLER                            ;
; Family                             ; MAX 10                                      ;
; Total logic elements               ; 318                                         ;
;     Total combinational functions  ; 302                                         ;
;     Dedicated logic registers      ; 115                                         ;
; Total registers                    ; 115                                         ;
; Total pins                         ; 87                                          ;
; Total virtual pins                 ; 0                                           ;
; Total memory bits                  ; 0                                           ;
; Embedded Multiplier 9-bit elements ; 0                                           ;
; Total PLLs                         ; 0                                           ;
; UFM blocks                         ; 0                                           ;
; ADC blocks                         ; 0                                           ;
+------------------------------------+---------------------------------------------+


+------------------------------------------------------------------------------------------------------------+
; Analysis & Synthesis Settings                                                                              ;
+------------------------------------------------------------------+--------------------+--------------------+
; Option                                                           ; Setting            ; Default Value      ;
+------------------------------------------------------------------+--------------------+--------------------+
; Device                                                           ; 10M50DAF484C7G     ;                    ;
; Top-level entity name                                            ; sdram_controller   ; sdram_controller   ;
; Family name                                                      ; MAX 10             ; Cyclone V          ;
; Use smart compilation                                            ; Off                ; Off                ;
; Enable parallel Assembler and Timing Analyzer during compilation ; On                 ; On                 ;
; Enable compact report table                                      ; Off                ; Off                ;
; Restructure Multiplexers                                         ; Auto               ; Auto               ;
; Create Debugging Nodes for IP Cores                              ; Off                ; Off                ;
; Preserve fewer node names                                        ; On                 ; On                 ;
; Intel FPGA IP Evaluation Mode                                    ; Enable             ; Enable             ;
; Verilog Version                                                  ; Verilog_2001       ; Verilog_2001       ;
; VHDL Version                                                     ; VHDL_1993          ; VHDL_1993          ;
; State Machine Processing                                         ; Auto               ; Auto               ;
; Safe State Machine                                               ; Off                ; Off                ;
; Extract Verilog State Machines                                   ; On                 ; On                 ;
; Extract VHDL State Machines                                      ; On                 ; On                 ;
; Ignore Verilog initial constructs                                ; Off                ; Off                ;
; Iteration limit for constant Verilog loops                       ; 5000               ; 5000               ;
; Iteration limit for non-constant Verilog loops                   ; 250                ; 250                ;
; Add Pass-Through Logic to Inferred RAMs                          ; On                 ; On                 ;
; Infer RAMs from Raw Logic                                        ; On                 ; On                 ;
; Parallel Synthesis                                               ; On                 ; On                 ;
; DSP Block Balancing                                              ; Auto               ; Auto               ;
; NOT Gate Push-Back                                               ; On                 ; On                 ;
; Power-Up Don't Care                                              ; On                 ; On                 ;
; Remove Redundant Logic Cells                                     ; Off                ; Off                ;
; Remove Duplicate Registers                                       ; On                 ; On                 ;
; Ignore CARRY Buffers                                             ; Off                ; Off                ;
; Ignore CASCADE Buffers                                           ; Off                ; Off                ;
; Ignore GLOBAL Buffers                                            ; Off                ; Off                ;
; Ignore ROW GLOBAL Buffers                                        ; Off                ; Off                ;
; Ignore LCELL Buffers                                             ; Off                ; Off                ;
; Ignore SOFT Buffers                                              ; On                 ; On                 ;
; Limit AHDL Integers to 32 Bits                                   ; Off                ; Off                ;
; Optimization Technique                                           ; Balanced           ; Balanced           ;
; Carry Chain Length                                               ; 70                 ; 70                 ;
; Auto Carry Chains                                                ; On                 ; On                 ;
; Auto Open-Drain Pins                                             ; On                 ; On                 ;
; Perform WYSIWYG Primitive Resynthesis                            ; Off                ; Off                ;
; Auto ROM Replacement                                             ; On                 ; On                 ;
; Auto RAM Replacement                                             ; On                 ; On                 ;
; Auto DSP Block Replacement                                       ; On                 ; On                 ;
; Auto Shift Register Replacement                                  ; Auto               ; Auto               ;
; Allow Shift Register Merging across Hierarchies                  ; Auto               ; Auto               ;
; Auto Clock Enable Replacement                                    ; On                 ; On                 ;
; Strict RAM Replacement                                           ; Off                ; Off                ;
; Allow Synchronous Control Signals                                ; On                 ; On                 ;
; Force Use of Synchronous Clear Signals                           ; Off                ; Off                ;
; Auto RAM Block Balancing                                         ; On                 ; On                 ;
; Auto RAM to Logic Cell Conversion                                ; Off                ; Off                ;
; Auto Resource Sharing                                            ; Off                ; Off                ;
; Allow Any RAM Size For Recognition                               ; Off                ; Off                ;
; Allow Any ROM Size For Recognition                               ; Off                ; Off                ;
; Allow Any Shift Register Size For Recognition                    ; Off                ; Off                ;
; Use LogicLock Constraints during Resource Balancing              ; On                 ; On                 ;
; Ignore translate_off and synthesis_off directives                ; Off                ; Off                ;
; Timing-Driven Synthesis                                          ; On                 ; On                 ;
; Report Parameter Settings                                        ; On                 ; On                 ;
; Report Source Assignments                                        ; On                 ; On                 ;
; Report Connectivity Checks                                       ; On                 ; On                 ;
; Ignore Maximum Fan-Out Assignments                               ; Off                ; Off                ;
; Synchronization Register Chain Length                            ; 2                  ; 2                  ;
; Power Optimization During Synthesis                              ; Normal compilation ; Normal compilation ;
; HDL message level                                                ; Level2             ; Level2             ;
; Suppress Register Optimization Related Messages                  ; Off                ; Off                ;
; Number of Removed Registers Reported in Synthesis Report         ; 5000               ; 5000               ;
; Number of Swept Nodes Reported in Synthesis Report               ; 5000               ; 5000               ;
; Number of Inverted Registers Reported in Synthesis Report        ; 100                ; 100                ;
; Clock MUX Protection                                             ; On                 ; On                 ;
; Auto Gated Clock Conversion                                      ; Off                ; Off                ;
; Block Design Naming                                              ; Auto               ; Auto               ;
; SDC constraint protection                                        ; Off                ; Off                ;
; Synthesis Effort                                                 ; Auto               ; Auto               ;
; Shift Register Replacement - Allow Asynchronous Clear Signal     ; On                 ; On                 ;
; Pre-Mapping Resynthesis Optimization                             ; Off                ; Off                ;
; Analysis & Synthesis Message Level                               ; Medium             ; Medium             ;
; Disable Register Merging Across Hierarchies                      ; Auto               ; Auto               ;
; Resource Aware Inference For Block RAM                           ; On                 ; On                 ;
+------------------------------------------------------------------+--------------------+--------------------+


+------------------------------------------+
; Parallel Compilation                     ;
+----------------------------+-------------+
; Processors                 ; Number      ;
+----------------------------+-------------+
; Number detected on machine ; 8           ;
; Maximum allowed            ; 4           ;
;                            ;             ;
; Average used               ; 1.00        ;
; Maximum used               ; 4           ;
;                            ;             ;
; Usage by Processor         ; % Time Used ;
;     Processor 1            ; 100.0%      ;
;     Processors 2-4         ;   0.0%      ;
+----------------------------+-------------+


+--------------------------------------------------------------------------------------------------------------------------------------------------------------------+
; Analysis & Synthesis Source Files Read                                                                                                                             ;
+----------------------------------+-----------------+-----------------+-----------------------------------------------------------------------------------+---------+
; File Name with User-Entered Path ; Used in Netlist ; File Type       ; File Name with Absolute Path                                                      ; Library ;
+----------------------------------+-----------------+-----------------+-----------------------------------------------------------------------------------+---------+
; sdram_controller.vhdl            ; yes             ; User VHDL File  ; /home/edocit/Documenti/AUGC/CPU_RISC_32/10-SDRAM_controller/sdram_controller.vhdl ;         ;
+----------------------------------+-----------------+-----------------+-----------------------------------------------------------------------------------+---------+


+--------------------------------------------------------------------+
; Analysis & Synthesis Resource Usage Summary                        ;
+---------------------------------------------+----------------------+
; Resource                                    ; Usage                ;
+---------------------------------------------+----------------------+
; Estimated Total logic elements              ; 318                  ;
;                                             ;                      ;
; Total combinational functions               ; 302                  ;
; Logic element usage by number of LUT inputs ;                      ;
;     -- 4 input functions                    ; 107                  ;
;     -- 3 input functions                    ; 76                   ;
;     -- <=2 input functions                  ; 119                  ;
;                                             ;                      ;
; Logic elements by mode                      ;                      ;
;     -- normal mode                          ; 209                  ;
;     -- arithmetic mode                      ; 93                   ;
;                                             ;                      ;
; Total registers                             ; 115                  ;
;     -- Dedicated logic registers            ; 115                  ;
;     -- I/O registers                        ; 0                    ;
;                                             ;                      ;
; I/O pins                                    ; 87                   ;
;                                             ;                      ;
; Embedded Multiplier 9-bit elements          ; 0                    ;
;                                             ;                      ;
; Maximum fan-out node                        ; ram_clk_in_100~input ;
; Maximum fan-out                             ; 115                  ;
; Total fan-out                               ; 1368                 ;
; Average fan-out                             ; 2.25                 ;
+---------------------------------------------+----------------------+


+-----------------------------------------------------------------------------------------------------------------------------------------------------------------------------------------------------------------------------------------+
; Analysis & Synthesis Resource Utilization by Entity                                                                                                                                                                                     ;
+----------------------------+---------------------+---------------------------+-------------+------------+--------------+---------+-----------+------+--------------+------------+---------------------+------------------+--------------+
; Compilation Hierarchy Node ; Combinational ALUTs ; Dedicated Logic Registers ; Memory Bits ; UFM Blocks ; DSP Elements ; DSP 9x9 ; DSP 18x18 ; Pins ; Virtual Pins ; ADC blocks ; Full Hierarchy Name ; Entity Name      ; Library Name ;
+----------------------------+---------------------+---------------------------+-------------+------------+--------------+---------+-----------+------+--------------+------------+---------------------+------------------+--------------+
; |SDRAM_CONTROLLER          ; 302 (302)           ; 115 (115)                 ; 0           ; 0          ; 0            ; 0       ; 0         ; 87   ; 0            ; 0          ; |SDRAM_CONTROLLER   ; SDRAM_CONTROLLER ; work         ;
+----------------------------+---------------------+---------------------------+-------------+------------+--------------+---------+-----------+------+--------------+------------+---------------------+------------------+--------------+
Note: For table entries with two numbers listed, the numbers in parentheses indicate the number of resources of the given type used by the specific entity alone. The numbers listed outside of parentheses indicate the total resources of the given type used by the specific entity and all of its sub-entities in the hierarchy.


Encoding Type:  One-Hot
+------------------------------------------------------------------------------------------------------------------------------------------------------------------------------------------------------------------------------------------------------------------------------------------------------------------------------------------------------------------------------+
; State Machine - |SDRAM_CONTROLLER|state_to_pr                                                                                                                                                                                                                                                                                                                                ;
+---------------------------------+-----------------------+------------------------+-----------------------+----------------------+-----------------+----------------------+---------------------------+------------------+---------------------------------+---------------------------+--------------------------------+----------------------------+------------------------+
; Name                            ; state_to_pr.PRECHARGE ; state_to_pr.SECOND_RAS ; state_to_pr.FIRST_RAS ; state_to_pr.RW_STATE ; state_to_pr.RCD ; state_to_pr.ACTIVATE ; state_to_pr.REFRESH_STATE ; state_to_pr.IDLE ; state_to_pr.INIT_SECOND_REFRESH ; state_to_pr.INIT_MODE_REG ; state_to_pr.INIT_FIRST_REFRESH ; state_to_pr.INIT_PRECHARGE ; state_to_pr.INIT_STALL ;
+---------------------------------+-----------------------+------------------------+-----------------------+----------------------+-----------------+----------------------+---------------------------+------------------+---------------------------------+---------------------------+--------------------------------+----------------------------+------------------------+
; state_to_pr.INIT_STALL          ; 0                     ; 0                      ; 0                     ; 0                    ; 0               ; 0                    ; 0                         ; 0                ; 0                               ; 0                         ; 0                              ; 0                          ; 0                      ;
; state_to_pr.INIT_PRECHARGE      ; 0                     ; 0                      ; 0                     ; 0                    ; 0               ; 0                    ; 0                         ; 0                ; 0                               ; 0                         ; 0                              ; 1                          ; 1                      ;
; state_to_pr.INIT_FIRST_REFRESH  ; 0                     ; 0                      ; 0                     ; 0                    ; 0               ; 0                    ; 0                         ; 0                ; 0                               ; 0                         ; 1                              ; 0                          ; 1                      ;
; state_to_pr.INIT_MODE_REG       ; 0                     ; 0                      ; 0                     ; 0                    ; 0               ; 0                    ; 0                         ; 0                ; 0                               ; 1                         ; 0                              ; 0                          ; 1                      ;
; state_to_pr.INIT_SECOND_REFRESH ; 0                     ; 0                      ; 0                     ; 0                    ; 0               ; 0                    ; 0                         ; 0                ; 1                               ; 0                         ; 0                              ; 0                          ; 1                      ;
; state_to_pr.IDLE                ; 0                     ; 0                      ; 0                     ; 0                    ; 0               ; 0                    ; 0                         ; 1                ; 0                               ; 0                         ; 0                              ; 0                          ; 1                      ;
; state_to_pr.REFRESH_STATE       ; 0                     ; 0                      ; 0                     ; 0                    ; 0               ; 0                    ; 1                         ; 0                ; 0                               ; 0                         ; 0                              ; 0                          ; 1                      ;
; state_to_pr.ACTIVATE            ; 0                     ; 0                      ; 0                     ; 0                    ; 0               ; 1                    ; 0                         ; 0                ; 0                               ; 0                         ; 0                              ; 0                          ; 1                      ;
; state_to_pr.RCD                 ; 0                     ; 0                      ; 0                     ; 0                    ; 1               ; 0                    ; 0                         ; 0                ; 0                               ; 0                         ; 0                              ; 0                          ; 1                      ;
; state_to_pr.RW_STATE            ; 0                     ; 0                      ; 0                     ; 1                    ; 0               ; 0                    ; 0                         ; 0                ; 0                               ; 0                         ; 0                              ; 0                          ; 1                      ;
; state_to_pr.FIRST_RAS           ; 0                     ; 0                      ; 1                     ; 0                    ; 0               ; 0                    ; 0                         ; 0                ; 0                               ; 0                         ; 0                              ; 0                          ; 1                      ;
; state_to_pr.SECOND_RAS          ; 0                     ; 1                      ; 0                     ; 0                    ; 0               ; 0                    ; 0                         ; 0                ; 0                               ; 0                         ; 0                              ; 0                          ; 1                      ;
; state_to_pr.PRECHARGE           ; 1                     ; 0                      ; 0                     ; 0                    ; 0               ; 0                    ; 0                         ; 0                ; 0                               ; 0                         ; 0                              ; 0                          ; 1                      ;
+---------------------------------+-----------------------+------------------------+-----------------------+----------------------+-----------------+----------------------+---------------------------+------------------+---------------------------------+---------------------------+--------------------------------+----------------------------+------------------------+


+-------------------------------------------------------------+
; Logic Cells Representing Combinational Loops                ;
+--------------------------------------------------------+----+
; Logic Cell Name                                        ;    ;
+--------------------------------------------------------+----+
; state_int~14                                           ;    ;
; Add1~0                                                 ;    ;
; refresh_cnt_int~31                                     ;    ;
; refresh_cnt_int~32                                     ;    ;
; refresh_cnt_int~33                                     ;    ;
; refresh_cnt_int~34                                     ;    ;
; refresh_cnt_int~35                                     ;    ;
; refresh_cnt_int~36                                     ;    ;
; refresh_cnt_int~37                                     ;    ;
; refresh_cnt_int~38                                     ;    ;
; refresh_cnt_int~39                                     ;    ;
; refresh_cnt_int~40                                     ;    ;
; refresh_cnt_int~41                                     ;    ;
; refresh_cnt_int~42                                     ;    ;
; refresh_cnt_int~43                                     ;    ;
; refresh_cnt_int~44                                     ;    ;
; refresh_cnt_int~45                                     ;    ;
; refresh_cnt_int~46                                     ;    ;
; refresh_cnt_int~47                                     ;    ;
; refresh_cnt_int~48                                     ;    ;
; refresh_cnt_int~49                                     ;    ;
; refresh_cnt_int~50                                     ;    ;
; refresh_cnt_int~51                                     ;    ;
; refresh_cnt_int~52                                     ;    ;
; refresh_cnt_int~53                                     ;    ;
; refresh_cnt_int~54                                     ;    ;
; refresh_cnt_int~55                                     ;    ;
; refresh_cnt_int~56                                     ;    ;
; refresh_cnt_int~57                                     ;    ;
; refresh_cnt_int~58                                     ;    ;
; refresh_cnt_int~59                                     ;    ;
; refresh_cnt_int~60                                     ;    ;
; Add1~1                                                 ;    ;
; Number of logic cells representing combinational loops ; 33 ;
+--------------------------------------------------------+----+
Note: All cells listed above may not be present at the end of synthesis due to various synthesis optimizations.


+--------------------------------------------------------------------------------+
; Registers Removed During Synthesis                                             ;
+---------------------------------------+----------------------------------------+
; Register name                         ; Reason for Removal                     ;
+---------------------------------------+----------------------------------------+
; up_to_use_to_pr                       ; Stuck at GND due to stuck port data_in ;
; cmd_to_pr[3]                          ; Stuck at GND due to stuck port data_in ;
; Total Number of Removed Registers = 2 ;                                        ;
+---------------------------------------+----------------------------------------+


+------------------------------------------------------+
; General Register Statistics                          ;
+----------------------------------------------+-------+
; Statistic                                    ; Value ;
+----------------------------------------------+-------+
; Total registers                              ; 115   ;
; Number of registers using Synchronous Clear  ; 3     ;
; Number of registers using Synchronous Load   ; 12    ;
; Number of registers using Asynchronous Clear ; 0     ;
; Number of registers using Asynchronous Load  ; 0     ;
; Number of registers using Clock Enable       ; 66    ;
; Number of registers using Preset             ; 0     ;
+----------------------------------------------+-------+


+-----------------------------------------------------------------------------------------------------------------------------------------------------+
; Multiplexer Restructuring Statistics (Restructuring Performed)                                                                                      ;
+--------------------+-----------+---------------+----------------------+------------------------+------------+---------------------------------------+
; Multiplexer Inputs ; Bus Width ; Baseline Area ; Area if Restructured ; Saving if Restructured ; Registered ; Example Multiplexer Output            ;
+--------------------+-----------+---------------+----------------------+------------------------+------------+---------------------------------------+
; 3:1                ; 2 bits    ; 4 LEs         ; 2 LEs                ; 2 LEs                  ; Yes        ; |SDRAM_CONTROLLER|addr_to_pr[12]      ;
; 10:1               ; 25 bits   ; 150 LEs       ; 75 LEs               ; 75 LEs                 ; Yes        ; |SDRAM_CONTROLLER|init_cnt_to_pr[26]  ;
; 11:1               ; 5 bits    ; 35 LEs        ; 20 LEs               ; 15 LEs                 ; Yes        ; |SDRAM_CONTROLLER|init_cnt_to_pr[9]   ;
; 7:1                ; 31 bits   ; 124 LEs       ; 62 LEs               ; 62 LEs                 ; No         ; |SDRAM_CONTROLLER|refresh_cnt_int[17] ;
; 10:1               ; 4 bits    ; 24 LEs        ; 16 LEs               ; 8 LEs                  ; No         ; |SDRAM_CONTROLLER|state_to_pr         ;
+--------------------+-----------+---------------+----------------------+------------------------+------------+---------------------------------------+


+-----------------------------------------------------+
; Post-Synthesis Netlist Statistics for Top Partition ;
+-----------------------+-----------------------------+
; Type                  ; Count                       ;
+-----------------------+-----------------------------+
; boundary_port         ; 87                          ;
; cycloneiii_ff         ; 115                         ;
;     ENA               ; 57                          ;
;     ENA SLD           ; 9                           ;
;     SCLR              ; 3                           ;
;     SLD               ; 3                           ;
;     plain             ; 43                          ;
; cycloneiii_io_obuf    ; 16                          ;
; cycloneiii_lcell_comb ; 303                         ;
;     arith             ; 93                          ;
;         2 data inputs ; 93                          ;
;     normal            ; 210                         ;
;         0 data inputs ; 1                           ;
;         1 data inputs ; 3                           ;
;         2 data inputs ; 23                          ;
;         3 data inputs ; 76                          ;
;         4 data inputs ; 107                         ;
;                       ;                             ;
; Max LUT depth         ; 6.10                        ;
; Average LUT depth     ; 3.97                        ;
+-----------------------+-----------------------------+


+-------------------------------+
; Elapsed Time Per Partition    ;
+----------------+--------------+
; Partition Name ; Elapsed Time ;
+----------------+--------------+
; Top            ; 00:00:01     ;
+----------------+--------------+


+-------------------------------+
; Analysis & Synthesis Messages ;
+-------------------------------+
Info: *******************************************************************
Info: Running Quartus Prime Analysis & Synthesis
    Info: Version 20.1.0 Build 711 06/05/2020 SJ Lite Edition
    Info: Processing started: Sun Aug  1 17:44:35 2021
Info: Command: quartus_map --read_settings_files=on --write_settings_files=off sdram_controller -c sdram_controller
Warning (18236): Number of processors has not been specified which may cause overloading on shared machines.  Set the global assignment NUM_PARALLEL_PROCESSORS in your QSF to an appropriate value for best performance.
Info (20030): Parallel compilation is enabled and will use 4 of the 4 processors detected
Info (12021): Found 2 design units, including 1 entities, in source file sdram_controller_tb.vhdl
    Info (12022): Found design unit 1: SDRAM_CONTROLLER_TB-BHV File: /home/edocit/Documenti/AUGC/CPU_RISC_32/10-SDRAM_controller/sdram_controller_tb.vhdl Line: 13
    Info (12023): Found entity 1: SDRAM_CONTROLLER_TB File: /home/edocit/Documenti/AUGC/CPU_RISC_32/10-SDRAM_controller/sdram_controller_tb.vhdl Line: 9
Info (12021): Found 2 design units, including 1 entities, in source file sdram_controller.vhdl
    Info (12022): Found design unit 1: SDRAM_CONTROLLER-BHV File: /home/edocit/Documenti/AUGC/CPU_RISC_32/10-SDRAM_controller/sdram_controller.vhdl Line: 40
    Info (12023): Found entity 1: SDRAM_CONTROLLER File: /home/edocit/Documenti/AUGC/CPU_RISC_32/10-SDRAM_controller/sdram_controller.vhdl Line: 10
Info (12127): Elaborating entity "sdram_controller" for the top level hierarchy
Warning (10036): Verilog HDL or VHDL warning at sdram_controller.vhdl(89): object "mem_op_complete_to_pr" assigned a value but never read File: /home/edocit/Documenti/AUGC/CPU_RISC_32/10-SDRAM_controller/sdram_controller.vhdl Line: 89
Warning (10036): Verilog HDL or VHDL warning at sdram_controller.vhdl(101): object "up_to_use_int" assigned a value but never read File: /home/edocit/Documenti/AUGC/CPU_RISC_32/10-SDRAM_controller/sdram_controller.vhdl Line: 101
Warning (10541): VHDL Signal Declaration warning at sdram_controller.vhdl(102): used implicit default value for signal "mem_op_complete_int" because signal was never assigned a value or an explicit default value. Use of implicit default value may introduce unintended design optimizations. File: /home/edocit/Documenti/AUGC/CPU_RISC_32/10-SDRAM_controller/sdram_controller.vhdl Line: 102
Warning (10812): VHDL warning at sdram_controller.vhdl(159): sensitivity list already contains buffer_to_pr File: /home/edocit/Documenti/AUGC/CPU_RISC_32/10-SDRAM_controller/sdram_controller.vhdl Line: 159
Warning (10492): VHDL Process Statement warning at sdram_controller.vhdl(166): signal "bank_to_pr" is read inside the Process Statement but isn't in the Process Statement's sensitivity list File: /home/edocit/Documenti/AUGC/CPU_RISC_32/10-SDRAM_controller/sdram_controller.vhdl Line: 166
Warning (10492): VHDL Process Statement warning at sdram_controller.vhdl(172): signal "data_io_to_pr" is read inside the Process Statement but isn't in the Process Statement's sensitivity list File: /home/edocit/Documenti/AUGC/CPU_RISC_32/10-SDRAM_controller/sdram_controller.vhdl Line: 172
Warning (10492): VHDL Process Statement warning at sdram_controller.vhdl(182): signal "bank_s" is read inside the Process Statement but isn't in the Process Statement's sensitivity list File: /home/edocit/Documenti/AUGC/CPU_RISC_32/10-SDRAM_controller/sdram_controller.vhdl Line: 182
Warning (10492): VHDL Process Statement warning at sdram_controller.vhdl(183): signal "col_s" is read inside the Process Statement but isn't in the Process Statement's sensitivity list File: /home/edocit/Documenti/AUGC/CPU_RISC_32/10-SDRAM_controller/sdram_controller.vhdl Line: 183
Warning (10492): VHDL Process Statement warning at sdram_controller.vhdl(216): signal "refresh_cnt_int" is read inside the Process Statement but isn't in the Process Statement's sensitivity list File: /home/edocit/Documenti/AUGC/CPU_RISC_32/10-SDRAM_controller/sdram_controller.vhdl Line: 216
Warning (10492): VHDL Process Statement warning at sdram_controller.vhdl(219): signal "refresh_cnt_int" is read inside the Process Statement but isn't in the Process Statement's sensitivity list File: /home/edocit/Documenti/AUGC/CPU_RISC_32/10-SDRAM_controller/sdram_controller.vhdl Line: 219
Warning (10492): VHDL Process Statement warning at sdram_controller.vhdl(269): signal "rw" is read inside the Process Statement but isn't in the Process Statement's sensitivity list File: /home/edocit/Documenti/AUGC/CPU_RISC_32/10-SDRAM_controller/sdram_controller.vhdl Line: 269
Warning (10492): VHDL Process Statement warning at sdram_controller.vhdl(272): signal "row_s" is read inside the Process Statement but isn't in the Process Statement's sensitivity list File: /home/edocit/Documenti/AUGC/CPU_RISC_32/10-SDRAM_controller/sdram_controller.vhdl Line: 272
Warning (10492): VHDL Process Statement warning at sdram_controller.vhdl(273): signal "refresh" is read inside the Process Statement but isn't in the Process Statement's sensitivity list File: /home/edocit/Documenti/AUGC/CPU_RISC_32/10-SDRAM_controller/sdram_controller.vhdl Line: 273
Warning (10492): VHDL Process Statement warning at sdram_controller.vhdl(297): signal "rw" is read inside the Process Statement but isn't in the Process Statement's sensitivity list File: /home/edocit/Documenti/AUGC/CPU_RISC_32/10-SDRAM_controller/sdram_controller.vhdl Line: 297
Warning (13024): Output pins are stuck at VCC or GND
    Warning (13410): Pin "up_to_use" is stuck at GND File: /home/edocit/Documenti/AUGC/CPU_RISC_32/10-SDRAM_controller/sdram_controller.vhdl Line: 21
    Warning (13410): Pin "n_cs_to_sdram" is stuck at GND File: /home/edocit/Documenti/AUGC/CPU_RISC_32/10-SDRAM_controller/sdram_controller.vhdl Line: 31
Info (286030): Timing-Driven Synthesis is running
Info (16010): Generating hard_block partition "hard_block:auto_generated_inst"
    Info (16011): Adding 0 node(s), including 0 DDIO, 0 PLL, 0 transceiver and 0 LCELL
Info (21057): Implemented 437 device resources after synthesis - the final resource count might be different
    Info (21058): Implemented 47 input pins
    Info (21059): Implemented 24 output pins
    Info (21060): Implemented 16 bidirectional pins
    Info (21061): Implemented 350 logic cells
Info: Quartus Prime Analysis & Synthesis was successful. 0 errors, 18 warnings
    Info: Peak virtual memory: 424 megabytes
    Info: Processing ended: Sun Aug  1 17:44:45 2021
    Info: Elapsed time: 00:00:10
    Info: Total CPU time (on all processors): 00:00:25


